<?xml version="1.0" encoding="UTF-8"?>
<!-- Generated by org.testng.reporters.JUnitReportReporter -->
<testsuite hostname="NB0062" failures="0" tests="1" name="org.example.AppTest" time="0.003" errors="0" timestamp="22 Jun 2020 18:12:10 GMT">
  <testcase classname="org.example.AppTest" name="shouldAnswerWithTrue" time="0.003"/>
</testsuite> <!-- org.example.AppTest -->
